<?xml version="1.0" encoding="UTF-8"?>
<!-- Generated by org.testng.reporters.JUnitReportReporter -->
<testsuite hostname="LAPTOP-TIIVFFSB" failures="0" tests="1" name="api_automation_framework.rest_api_automation_framework.AppTest" time="0.012" errors="0" timestamp="2022-07-03T12:09:04 IST" skipped="0">
  <testcase classname="api_automation_framework.rest_api_automation_framework.AppTest" name="shouldAnswerWithTrue" time="0.012"/>
  <system-out/>
</testsuite> <!-- api_automation_framework.rest_api_automation_framework.AppTest -->
